# JRE version: Java(TM) SE Runtime Environment (18.0.2.1+1) (build 18.0.2.1+1-1)
# Java VM: Java HotSpot(TM) 64-Bit Server VM (18.0.2.1+1-1, mixed mode, sharing, tiered, compressed oops, compressed class ptrs, g1 gc, windows-amd64)
GC Precious Log:
 CardTable entry size: 512
 Card Set container configuration: InlinePtr #cards 4 size 8 Array Of Cards #cards 16 size 48 Howl #buckets 8 coarsen threshold 3686 Howl Bitmap #cards 512 size 80 coarsen threshold 460 Card regions per heap region 1 cards per card region 4096
 CPUs: 8 total, 8 available
 Memory: 8039M
 Large Page Support: Disabled
 NUMA Support: Disabled
 Compressed Oops: Enabled (Zero based)
 Heap Region Size: 2M
 Heap Min Capacity: 8M
 Heap Initial Capacity: 126M
 Heap Max Capacity: 4G
 Pre-touch: Disabled
 Parallel Workers: 8
 Concurrent Workers: 2
 Concurrent Refinement Workers: 8
 Periodic GC: Disabled
Heap:
 garbage-first heap   total 976896K, used 282802K [0x0000000700000000, 0x0000000800000000)
  region size 2048K, 1 young (2048K), 1 survivors (2048K)
 Metaspace       used 165707K, committed 173376K, reserved 1245184K
  class space    used 21123K, committed 23808K, reserved 1048576K
GC Heap History (20 events):
Event: 241.702 GC heap after
{Heap after GC invocations=94 (full 0):
 garbage-first heap   total 649216K, used 319667K [0x0000000700000000, 0x0000000800000000)
  region size 2048K, 6 young (12288K), 6 survivors (12288K)
 Metaspace       used 141929K, committed 144960K, reserved 1179648K
  class space    used 18975K, committed 20544K, reserved 1048576K
}
Event: 241.841 GC heap before
{Heap before GC invocations=94 (full 0):
 garbage-first heap   total 649216K, used 338099K [0x0000000700000000, 0x0000000800000000)
  region size 2048K, 15 young (30720K), 6 survivors (12288K)
 Metaspace       used 141929K, committed 144960K, reserved 1179648K
  class space    used 18975K, committed 20544K, reserved 1048576K
}
Event: 241.855 GC heap after
{Heap after GC invocations=95 (full 0):
 garbage-first heap   total 1353728K, used 313285K [0x0000000700000000, 0x0000000800000000)
  region size 2048K, 1 young (2048K), 1 survivors (2048K)
 Metaspace       used 141929K, committed 144960K, reserved 1179648K
  class space    used 18975K, committed 20544K, reserved 1048576K
}
Event: 307.805 GC heap before
{Heap before GC invocations=95 (full 0):
 garbage-first heap   total 1353728K, used 1030085K [0x0000000700000000, 0x0000000800000000)
  region size 2048K, 343 young (702464K), 1 survivors (2048K)
 Metaspace       used 155203K, committed 158336K, reserved 1245184K
  class space    used 20390K, committed 21952K, reserved 1048576K
}
Event: 307.837 GC heap after
{Heap after GC invocations=96 (full 0):
 garbage-first heap   total 1353728K, used 341818K [0x0000000700000000, 0x0000000800000000)
  region size 2048K, 12 young (24576K), 12 survivors (24576K)
 Metaspace       used 155203K, committed 158336K, reserved 1245184K
  class space    used 20390K, committed 21952K, reserved 1048576K
}
Event: 452.669 GC heap before
{Heap before GC invocations=96 (full 0):
 garbage-first heap   total 1353728K, used 1099578K [0x0000000700000000, 0x0000000800000000)
  region size 2048K, 376 young (770048K), 12 survivors (24576K)
 Metaspace       used 162139K, committed 165504K, reserved 1245184K
  class space    used 21145K, committed 22848K, reserved 1048576K
}
Event: 452.991 GC heap after
{Heap after GC invocations=97 (full 0):
 garbage-first heap   total 1353728K, used 350658K [0x0000000700000000, 0x0000000800000000)
  region size 2048K, 17 young (34816K), 17 survivors (34816K)
 Metaspace       used 162139K, committed 165504K, reserved 1245184K
  class space    used 21145K, committed 22848K, reserved 1048576K
}
Event: 1590.679 GC heap before
{Heap before GC invocations=97 (full 0):
 garbage-first heap   total 1353728K, used 932290K [0x0000000700000000, 0x0000000800000000)
  region size 2048K, 248 young (507904K), 17 survivors (34816K)
 Metaspace       used 165065K, committed 168384K, reserved 1245184K
  class space    used 21456K, committed 23168K, reserved 1048576K
}
Event: 1610.851 GC heap after
{Heap after GC invocations=98 (full 0):
 garbage-first heap   total 1353728K, used 372756K [0x0000000700000000, 0x0000000800000000)
  region size 2048K, 18 young (36864K), 18 survivors (36864K)
 Metaspace       used 165065K, committed 168384K, reserved 1245184K
  class space    used 21456K, committed 23168K, reserved 1048576K
}
Event: 1611.406 GC heap before
{Heap before GC invocations=98 (full 0):
 garbage-first heap   total 1353728K, used 378900K [0x0000000700000000, 0x0000000800000000)
  region size 2048K, 19 young (38912K), 18 survivors (36864K)
 Metaspace       used 165065K, committed 168384K, reserved 1245184K
  class space    used 21456K, committed 23168K, reserved 1048576K
}
Event: 1614.733 GC heap after
{Heap after GC invocations=99 (full 0):
 garbage-first heap   total 1353728K, used 380961K [0x0000000700000000, 0x0000000800000000)
  region size 2048K, 2 young (4096K), 2 survivors (4096K)
 Metaspace       used 165065K, committed 168384K, reserved 1245184K
  class space    used 21456K, committed 23168K, reserved 1048576K
}
Event: 1686.735 GC heap before
{Heap before GC invocations=99 (full 0):
 garbage-first heap   total 1353728K, used 583713K [0x0000000700000000, 0x0000000800000000)
  region size 2048K, 33 young (67584K), 2 survivors (4096K)
 Metaspace       used 170911K, committed 174272K, reserved 1245184K
  class space    used 22051K, committed 23744K, reserved 1048576K
}
Event: 1686.894 GC heap after
{Heap after GC invocations=100 (full 0):
 garbage-first heap   total 1353728K, used 381371K [0x0000000700000000, 0x0000000800000000)
  region size 2048K, 2 young (4096K), 2 survivors (4096K)
 Metaspace       used 170911K, committed 174272K, reserved 1245184K
  class space    used 22051K, committed 23744K, reserved 1048576K
}
Event: 3842.610 GC heap before
{Heap before GC invocations=100 (full 0):
 garbage-first heap   total 1353728K, used 440763K [0x0000000700000000, 0x0000000800000000)
  region size 2048K, 33 young (67584K), 2 survivors (4096K)
 Metaspace       used 171230K, committed 174592K, reserved 1245184K
  class space    used 22076K, committed 23808K, reserved 1048576K
}
Event: 4141.802 GC heap after
{Heap after GC invocations=101 (full 1):
 garbage-first heap   total 1058816K, used 308276K [0x0000000700000000, 0x0000000800000000)
  region size 2048K, 0 young (0K), 0 survivors (0K)
 Metaspace       used 169553K, committed 173376K, reserved 1245184K
  class space    used 21958K, committed 23808K, reserved 1048576K
}
Event: 6495.706 GC heap before
{Heap before GC invocations=101 (full 1):
 garbage-first heap   total 1058816K, used 359476K [0x0000000700000000, 0x0000000800000000)
  region size 2048K, 25 young (51200K), 0 survivors (0K)
 Metaspace       used 169578K, committed 173376K, reserved 1245184K
  class space    used 21960K, committed 23808K, reserved 1048576K
}
Event: 6505.235 GC heap after
{Heap after GC invocations=102 (full 1):
 garbage-first heap   total 1058816K, used 308891K [0x0000000700000000, 0x0000000800000000)
  region size 2048K, 1 young (2048K), 1 survivors (2048K)
 Metaspace       used 169578K, committed 173376K, reserved 1245184K
  class space    used 21960K, committed 23808K, reserved 1048576K
}
Event: 7742.730 GC heap before
{Heap before GC invocations=102 (full 1):
 garbage-first heap   total 1058816K, used 329371K [0x0000000700000000, 0x0000000800000000)
  region size 2048K, 13 young (26624K), 1 survivors (2048K)
 Metaspace       used 169578K, committed 173376K, reserved 1245184K
  class space    used 21960K, committed 23808K, reserved 1048576K
}
Event: 7875.759 GC heap after
{Heap after GC invocations=103 (full 2):
 garbage-first heap   total 976896K, used 281931K [0x0000000700000000, 0x0000000800000000)
  region size 2048K, 0 young (0K), 0 survivors (0K)
 Metaspace       used 165384K, committed 173376K, reserved 1245184K
  class space    used 21053K, committed 23808K, reserved 1048576K
}
Event: 9792.918 GC heap before
{Heap before GC invocations=103 (full 2):
 garbage-first heap   total 976896K, used 329035K [0x0000000700000000, 0x0000000800000000)
  region size 2048K, 23 young (47104K), 0 survivors (0K)
 Metaspace       used 165707K, committed 173376K, reserved 1245184K
  class space    used 21123K, committed 23808K, reserved 1048576K
}

